<?xml version="1.0" encoding="UTF-8"?>
<!-- Generated by org.testng.reporters.JUnitReportReporter -->
<testsuite skipped="0" hostname="LAPTOP-M2P9FD29" name="com.maven.demo.selenium.Demo1" tests="1" failures="0" timestamp="2021-07-06T00:21:48 IST" time="0.011" errors="0">
  <testcase name="demo1add" time="0.011" classname="com.maven.demo.selenium.Demo1"/>
  <system-out/>
</testsuite> <!-- com.maven.demo.selenium.Demo1 -->
