<?xml version="1.0" encoding="UTF-8"?>
<!-- Generated by org.testng.reporters.JUnitReportReporter -->
<testsuite skipped="0" hostname="LAPTOP-M2P9FD29" name="com.maven.demo.selenium.Demo3chromebrowser" tests="1" failures="0" timestamp="2021-07-06T08:21:40 IST" time="11.590" errors="0">
  <testcase name="chromebrowser" time="11.590" classname="com.maven.demo.selenium.Demo3chromebrowser"/>
  <system-out/>
</testsuite> <!-- com.maven.demo.selenium.Demo3chromebrowser -->
