<?xml version="1.0" encoding="UTF-8"?>
<!-- Generated by org.testng.reporters.JUnitReportReporter -->
<testsuite skipped="0" hostname="LAPTOP-M2P9FD29" name="com.maven.demo.selenium.Demo1" tests="2" failures="0" timestamp="2021-07-06T08:21:40 IST" time="0.001" errors="0">
  <testcase name="demo1sub" time="0.000" classname="com.maven.demo.selenium.Demo1"/>
  <system-out/>
  <testcase name="demo1add" time="0.001" classname="com.maven.demo.selenium.Demo1"/>
  <system-out/>
</testsuite> <!-- com.maven.demo.selenium.Demo1 -->
