<?xml version="1.0" encoding="UTF-8"?>
<!-- Generated by org.testng.reporters.JUnitReportReporter -->
<testsuite skipped="0" hostname="LAPTOP-M2P9FD29" name="com.maven.demo.selenium.Demo2" tests="2" failures="0" timestamp="2021-07-06T08:21:40 IST" time="0.005" errors="0">
  <testcase name="demo1div" time="0.004" classname="com.maven.demo.selenium.Demo2"/>
  <system-out/>
  <testcase name="demo1mul" time="0.001" classname="com.maven.demo.selenium.Demo2"/>
  <system-out/>
</testsuite> <!-- com.maven.demo.selenium.Demo2 -->
